# Nanotrav Version #0.9, Release date 05/14/98
# ./nanotrav -p 1 C17.blif
# CUDD Version 2.3.0
Order before final reordering
1GAT(0) 2GAT(1) 3GAT(2) 6GAT(3) 7GAT(4) 
Number of inputs = 5
**** CUDD modifiable parameters ****
Hard limit for cache size: 2271914
Cache hit threshold for resizing: 30%
Garbage collection enabled: yes
Limit for fast unique table growth: 1363148
Maximum number of variables sifted per reordering: 1000
Maximum number of variable swaps per reordering: 2000000
Maximum growth while sifting a variable: 1.2
Dynamic reordering of BDDs enabled: no
Default BDD reordering method: 4
Dynamic reordering of ZDDs enabled: no
Default ZDD reordering method: 4
Realignment of ZDDs to BDDs enabled: no
Realignment of BDDs to ZDDs enabled: no
Dead nodes counted in triggering reordering: no
Group checking criterion: 7
Recombination threshold: 0
Symmetry violation threshold: 10
Arc violation threshold: 10
GA population size: 0
Number of crossovers for GA: 0
**** CUDD non-modifiable parameters ****
Memory in use: 1591604
Peak number of nodes: 1022
Peak number of live nodes: 17
Number of BDD variables: 5
Number of ZDD variables: 0
Number of cache entries: 32768
Number of cache look-ups: 11
Number of cache hits: 0
Number of cache insertions: 11
Number of cache collisions: 0
Number of cache deletions: 0
Cache used slots = 0.03% (expected 0.03%)
Soft limit for cache size: 6144
Number of buckets in unique table: 1536
Used buckets in unique table: 1.11% (expected 1.10%)
Unique lookups: 24
Unique links: 0 (0 per lookup)
Number of BDD and ADD nodes: 17
Number of ZDD nodes: 0
Number of dead BDD and ADD nodes: 1
Number of dead ZDD nodes: 0
Total number of nodes allocated: 17
Total number of nodes reclaimed: 0
Number of recursive calls: 40
Garbage collections so far: 0
Time for garbage collection: 0.00 sec
Reorderings so far: 0
Time for reordering: 0.00 sec
Node swaps in reordering: 0
Next reordering threshold: 4004
Final size: 11
total time = 0.02 sec
Runtime Statistics
------------------
Machine name: joplin
User time      0.0 seconds
System time    0.1 seconds

Average resident text size       =     0K
Average resident data+stack size =     0K
Maximum resident size            =     0K

Virtual text size                = 131684K
Virtual data size                =  8472K
    data size initialized        =    28K
    data size uninitialized      =   137K
    data size sbrk               =  8307K
Virtual memory limit             = 106496K (2097152K)

Major page faults = 103
Minor page faults = 433
Swaps = 0
Input blocks = 0
Output blocks = 0
Context switch (voluntary) = 0
Context switch (involuntary) = 0
